2026-02-28 14:27:47.653+0000 INFO  [o.n.g.f.m.GlobalModule] Logging config in use: File '/var/lib/neo4j/conf/server-logs.xml'
2026-02-28 14:27:47.849+0000 WARN  [o.n.k.i.JvmChecker] The max heap memory has not been configured. It is recommended that it is always explicitly configured, to ensure the system has a balanced configuration. Until then, a JVM computed heuristic of 499122176 bytes is used instead. If you are running neo4j server, you need to configure server.memory.heap.max_size in neo4j.conf. If you are running neo4j embedded, you have to launch the JVM with -Xmx set to a value. You can run neo4j-admin server memory-recommendation for memory configuration suggestions.
2026-02-28 14:27:47.850+0000 WARN  [o.n.k.i.JvmChecker] The initial heap memory has not been configured. It is recommended that it is always explicitly configured, to ensure the system has a balanced configuration. Until then, a JVM computed heuristic of 31457280 bytes is used instead. If you are running neo4j server, you need to configure server.memory.heap.initial_size in neo4j.conf. If you are running neo4j embedded, you have to launch the JVM with -Xms set to a value. You can run neo4j-admin server memory-recommendation for memory configuration suggestions.
2026-02-28 14:27:48.366+0000 INFO  [o.n.i.d.DiagnosticsManager] 
                                                                ********************************************************************************
                                                                                             [ System diagnostics ]                             
                                                                ********************************************************************************
2026-02-28 14:27:48.367+0000 INFO  [o.n.i.d.DiagnosticsManager] 
                                                                --------------------------------------------------------------------------------
                                                                                         [ System memory information ]                          
                                                                --------------------------------------------------------------------------------
                                                                Total Physical memory: 1.857GiB
                                                                Free Physical memory: 30.02MiB
                                                                Committed virtual memory: 4.231GiB
                                                                Total swap space: 1.000GiB
                                                                Free swap space: 603.3MiB
                                                                
2026-02-28 14:27:48.368+0000 INFO  [o.n.i.d.DiagnosticsManager] 
                                                                --------------------------------------------------------------------------------
                                                                                           [ JVM memory information ]                           
                                                                --------------------------------------------------------------------------------
                                                                Free  memory: 11.64MiB
                                                                Total memory: 74.00MiB
                                                                Max   memory: 476.0MiB
                                                                Garbage Collector: G1 Young Generation: [G1 Eden Space, G1 Survivor Space, G1 Old Gen]
                                                                Garbage Collector: G1 Concurrent GC: [G1 Old Gen]
                                                                Garbage Collector: G1 Old Generation: [G1 Eden Space, G1 Survivor Space, G1 Old Gen]
                                                                Memory Pool: CodeHeap 'non-nmethods' (Non-heap memory): committed=2.438MiB, used=2.028MiB, max=7.254MiB, threshold=0B
                                                                Memory Pool: Metaspace (Non-heap memory): committed=22.44MiB, used=22.13MiB, max=-1B, threshold=0B
                                                                Memory Pool: CodeHeap 'profiled nmethods' (Non-heap memory): committed=5.375MiB, used=5.367MiB, max=116.4MiB, threshold=0B
                                                                Memory Pool: Compressed Class Space (Non-heap memory): committed=2.438MiB, used=2.321MiB, max=1.000GiB, threshold=0B
                                                                Memory Pool: G1 Eden Space (Heap memory): committed=38.00MiB, used=26.00MiB, max=-1B, threshold=?
                                                                Memory Pool: G1 Old Gen (Heap memory): committed=33.00MiB, used=31.54MiB, max=476.0MiB, threshold=0B
                                                                Memory Pool: G1 Survivor Space (Heap memory): committed=3.000MiB, used=2.822MiB, max=-1B, threshold=?
                                                                Memory Pool: CodeHeap 'non-profiled nmethods' (Non-heap memory): committed=2.438MiB, used=1.317MiB, max=116.4MiB, threshold=0B
                                                                
2026-02-28 14:27:48.369+0000 INFO  [o.n.i.d.DiagnosticsManager] 
                                                                --------------------------------------------------------------------------------
                                                                                        [ Operating system information ]                        
                                                                --------------------------------------------------------------------------------
                                                                Operating System: Linux; version: 6.6.87.2-microsoft-standard-WSL2; arch: amd64; cpus: 16
                                                                Max number of file descriptors: 1048576
                                                                Number of open file descriptors: 231
                                                                Process id: 7
                                                                Byte order: LITTLE_ENDIAN
                                                                Local timezone: Etc/UTC
                                                                Memory page size: 4096
                                                                Unaligned memory access allowed: true
                                                                
2026-02-28 14:27:48.370+0000 INFO  [o.n.i.d.DiagnosticsManager] 
                                                                --------------------------------------------------------------------------------
                                                                                              [ JVM information ]                               
                                                                --------------------------------------------------------------------------------
                                                                VM Name: OpenJDK 64-Bit Server VM
                                                                VM Vendor: Eclipse Adoptium
                                                                VM Version: 21.0.10+7-LTS
                                                                JIT compiler: HotSpot 64-Bit Tiered Compilers
                                                                VM Arguments: [-XX:+UseG1GC, -XX:-OmitStackTraceInFastThrow, -XX:+AlwaysPreTouch, -XX:+UnlockExperimentalVMOptions, -XX:+TrustFinalNonStaticFields, -XX:+DisableExplicitGC, -Djdk.nio.maxCachedBufferSize=1024, -Dio.netty.tryReflectionSetAccessible=true, -Djdk.tls.ephemeralDHKeySize=2048, -Djdk.tls.rejectClientInitiatedRenegotiation=true, -XX:FlightRecorderOptions=stackdepth=256, -XX:+UnlockDiagnosticVMOptions, -XX:+DebugNonSafepoints, --add-opens=java.base/java.nio=ALL-UNNAMED, --add-opens=java.base/java.io=ALL-UNNAMED, --add-opens=java.base/sun.nio.ch=ALL-UNNAMED, --enable-native-access=ALL-UNNAMED, -Dlog4j2.disable.jmx=true, -Dlog4j.layout.jsonTemplate.maxStringLength=32768, -Dfile.encoding=UTF-8]
                                                                
2026-02-28 14:27:48.370+0000 INFO  [o.n.i.d.DiagnosticsManager] 
                                                                --------------------------------------------------------------------------------
                                                                                               [ Java classpath ]                               
                                                                --------------------------------------------------------------------------------
                                                                 [classpath] /var/lib/neo4j/lib/jetty-ee8-webapp-12.0.25.jar
                                                                 [classpath] /var/lib/neo4j/lib/jackson-module-jaxb-annotations-2.18.0.jar
                                                                 [classpath] /var/lib/neo4j/lib/netty-transport-native-kqueue-4.1.129.Final-osx-aarch_64.jar
                                                                 [classpath] /var/lib/neo4j/lib/neo4j-graph-algo-5.26.21.jar
                                                                 [classpath] /var/lib/neo4j/lib/jaxb-runtime-2.3.2.jar
                                                                 [classpath] /var/lib/neo4j/lib/neo4j-cypher-planner-5.26.21.jar
                                                                 [classpath] /var/lib/neo4j/lib/neo4j-lock-5.26.21.jar
                                                                 [classpath] /var/lib/neo4j/lib/antlr4-runtime-4.13.2.jar
                                                                 [classpath] /var/lib/neo4j/lib/cypher-parser-ast-common-5.26.21.jar
                                                                 [classpath] /var/lib/neo4j/lib/neo4j-record-storage-engine-5.26.21.jar
                                                                 [classpath] /var/lib/neo4j/lib/cypher-v5-literal-interpreter-5.26.21.jar
                                                                 [classpath] /var/lib/neo4j/lib/annotations-5.26.21.jar
                                                                 [classpath] /var/lib/neo4j/lib/caffeine-3.1.8.jar
                                                                 [classpath] /var/lib/neo4j/lib/jetty-http2-server-12.0.25.jar
                                                                 [classpath] /var/lib/neo4j/lib/magnolia_2.13-1.1.8.jar
                                                                 [classpath] /var/lib/neo4j/lib/scala-library-2.13.11.jar
                                                                 [classpath] /var/lib/neo4j/lib/jetty-server-12.0.25.jar
                                                                 [classpath] /var/lib/neo4j/lib/commons-compress-1.27.1.jar
                                                                 [classpath] /var/lib/neo4j/lib/neo4j-collections-5.26.21.jar
                                                                 [classpath] /var/lib/neo4j/lib/jetty-util-12.0.25.jar
                                                                 [classpath] /var/lib/neo4j/lib/jetty-ee-12.0.25.jar
                                                                 [classpath] /var/lib/neo4j/lib/parquet-jackson-1.15.2.jar
                                                                 [classpath] /var/lib/neo4j/conf/*
                                                                 [classpath] /var/lib/neo4j/lib/WMI4Java-1.6.3.jar
                                                                 [classpath] /var/lib/neo4j/lib/neo4j-5.26.21.jar
                                                                 [classpath] /var/lib/neo4j/lib/neo4j-bootcheck-5.26.21.jar
                                                                 [classpath] /var/lib/neo4j/lib/jakarta.xml.bind-api-2.3.2.jar
                                                                 [classpath] /var/lib/neo4j/lib/jProcesses-1.6.5.jar
                                                                 [classpath] /var/lib/neo4j/lib/log4j-api-2.25.3.jar
                                                                 [classpath] /var/lib/neo4j/lib/neo4j-cypher-cache-5.26.21.jar
                                                                 [classpath] /var/lib/neo4j/lib/hk2-locator-2.6.1.jar
                                                                 [classpath] /var/lib/neo4j/lib/neo4j-monitoring-5.26.21.jar
                                                                 [classpath] /var/lib/neo4j/lib/neo4j-notifications-5.26.21.jar
                                                                 [classpath] /var/lib/neo4j/lib/snappy-java-1.1.10.7.jar
                                                                 [classpath] /var/lib/neo4j/lib/eclipse-collections-api-11.1.0.jar
                                                                 [classpath] /var/lib/neo4j/lib/neo4j-bolt-connection-6.0.2.jar
                                                                 [classpath] /var/lib/neo4j/lib/jersey-container-servlet-2.46.jar
                                                                 [classpath] /var/lib/neo4j/lib/jansi-2.4.0.jar
                                                                 [classpath] /var/lib/neo4j/lib/neo4j-wal-5.26.21.jar
                                                                 [classpath] /var/lib/neo4j/lib/jline-terminal-3.21.0.jar
                                                                 [classpath] /var/lib/neo4j/lib/neo4j-csv-5.26.21.jar
                                                                 [classpath] /var/lib/neo4j/lib/ipaddress-5.5.1.jar
                                                                 [classpath] /var/lib/neo4j/lib/neo4j-security-5.26.21.jar
                                                                 [classpath] /var/lib/neo4j/lib/jetty-security-12.0.25.jar
                                                                 [classpath] /var/lib/neo4j/lib/neo4j-cypher-macros-5.26.21.jar
                                                                 [classpath] /var/lib/neo4j/lib/lucene-queryparser-9.11.1.jar
                                                                 [classpath] /var/lib/neo4j/lib/jackson-databind-2.18.0.jar
                                                                 [classpath] /var/lib/neo4j/lib/shiro-lang-2.0.1.jar
                                                                 [classpath] /var/lib/neo4j/lib/reactor-core-3.7.12.jar
                                                                 [classpath] /var/lib/neo4j/lib/kiama_2.13-2.5.1.jar
                                                                 [classpath] /var/lib/neo4j/lib/jakarta.ws.rs-api-2.1.6.jar
                                                                 [classpath] /var/lib/neo4j/lib/zstd-jni-1.5.6-6.jar
                                                                 [classpath] /var/lib/neo4j/lib/neo4j-cypher-ast-factory-5.26.21.jar
                                                                 [classpath] /var/lib/neo4j/lib/cypher-v5-parser-listener-5.26.21.jar
                                                                 [classpath] /var/lib/neo4j/lib/log4j-layout-template-json-2.25.3.jar
                                                                 [classpath] /var/lib/neo4j/lib/neo4j-lucene-index-5.26.21.jar
                                                                 [classpath] /var/lib/neo4j/lib/lucene-analysis-common-9.11.1.jar
                                                                 [classpath] /var/lib/neo4j/lib/neo4j-storage-engine-util-5.26.21.jar
                                                                 [classpath] /var/lib/neo4j/lib/istack-commons-runtime-3.0.8.jar
                                                                 [classpath] /var/lib/neo4j/lib/neo4j-common-5.26.21.jar
                                                                 [classpath] /var/lib/neo4j/lib/jetty-http-12.0.25.jar
                                                                 [classpath] /var/lib/neo4j/lib/jetty-servlet-api-4.0.6.jar
                                                                 [classpath] /var/lib/neo4j/lib/eclipse-collections-11.1.0.jar
                                                                 [classpath] /var/lib/neo4j/lib/commons-text-1.12.0.jar
                                                                 [classpath] /var/lib/neo4j/lib/neo4j-native-5.26.21.jar
                                                                 [classpath] /var/lib/neo4j/lib/jetty-ee8-nested-12.0.25.jar
                                                                 [classpath] /var/lib/neo4j/lib/neo4j-expressions-5.26.21.jar
                                                                 [classpath] /var/lib/neo4j/lib/neo4j-logging-5.26.21.jar
                                                                 [classpath] /var/lib/neo4j/lib/neo4j-fabric-5.26.21.jar
                                                                 [classpath] /var/lib/neo4j/lib/picocli-4.7.6.jar
                                                                 [classpath] /var/lib/neo4j/lib/jakarta.validation-api-2.0.2.jar
                                                                 [classpath] /var/lib/neo4j/lib/server-api-5.26.21.jar
                                                                 [classpath] /var/lib/neo4j/lib/jackson-jaxrs-json-provider-2.18.0.jar
                                                                 [classpath] /var/lib/neo4j/lib/neo4j-import-tool-5.26.21.jar
                                                                 [classpath] /var/lib/neo4j/lib/neo4j-codegen-5.26.21.jar
                                                                 [classpath] /var/lib/neo4j/lib/hk2-utils-2.6.1.jar
                                                                 [classpath] /var/lib/neo4j/lib/stax-ex-1.8.1.jar
                                                                 [classpath] /var/lib/neo4j/lib/jetty-xml-12.0.25.jar
                                                                 [classpath] /var/lib/neo4j/lib/txw2-2.3.2.jar
                                                                 [classpath] /var/lib/neo4j/lib/neo4j-index-5.26.21.jar
                                                                 [classpath] /var/lib/neo4j/lib/netty-handler-4.1.129.Final.jar
                                                                 [classpath] /var/lib/neo4j/lib/neo4j-bolt-connection-pooled-6.0.2.jar
                                                                 [classpath] /var/lib/neo4j/lib/commons-io-2.17.0.jar
                                                                 [classpath] /var/lib/neo4j/lib/jetty-ee8-security-12.0.25.jar
                                                                 [classpath] /var/lib/neo4j/lib/cypher-ast-factory-5.26.21.jar
                                                                 [classpath] /var/lib/neo4j/lib/argparse4j-0.9.0.jar
                                                                 [classpath] /var/lib/neo4j/lib/neo4j-kernel-5.26.21.jar
                                                                 [classpath] /var/lib/neo4j/lib/neo4j-bolt-connection-routed-6.0.2.jar
                                                                 [classpath] /var/lib/neo4j/lib/neo4j-cypher-config-5.26.21.jar
                                                                 [classpath] /var/lib/neo4j/lib/cypher-parser-common-5.26.21.jar
                                                                 [classpath] /var/lib/neo4j/lib/netty-tcnative-classes-2.0.74.Final.jar
                                                                 [classpath] /var/lib/neo4j/lib/neo4j-values-5.26.21.jar
                                                                 [classpath] /var/lib/neo4j/lib/shiro-crypto-core-2.0.1.jar
                                                                 [classpath] /var/lib/neo4j/lib/jetty-session-12.0.25.jar
                                                                 [classpath] /var/lib/neo4j/lib/lucene-backward-codecs-9.11.1.jar
                                                                 [classpath] /var/lib/neo4j/lib/neo4j-cypher-ir-5.26.21.jar
                                                                 [classpath] /var/lib/neo4j/lib/neo4j-push-to-cloud-5.26.21.jar
                                                                 [classpath] /var/lib/neo4j/lib/neo4j-consistency-check-5.26.21.jar
                                                                 [classpath] /var/lib/neo4j/lib/jackson-annotations-2.18.0.jar
                                                                 [classpath] /var/lib/neo4j/lib/neo4j-layout-5.26.21.jar
                                                                 [classpath] /var/lib/neo4j/lib/jetty-alpn-server-12.0.25.jar
                                                                 [classpath] /var/lib/neo4j/lib/netty-resolver-4.1.129.Final.jar
                                                                 [classpath] /var/lib/neo4j/lib/neo4j-cypher-interpreted-runtime-5.26.21.jar
                                                                 [classpath] /var/lib/neo4j/lib/shiro-cache-2.0.1.jar
                                                                 [classpath] /var/lib/neo4j/lib/neo4j-cypher-runtime-util-5.26.21.jar
                                                                 [classpath] /var/lib/neo4j/lib/scala-collection-contrib_2.13-0.3.0.jar
                                                                 [classpath] /var/lib/neo4j/lib/netty-transport-native-unix-common-4.1.129.Final.jar
                                                                 [classpath] /var/lib/neo4j/lib/neo4j-ssl-5.26.21.jar
                                                                 [classpath] /var/lib/neo4j/lib/neo4j-cypher-logical-plans-5.26.21.jar
                                                                 [classpath] /var/lib/neo4j/lib/commons-codec-1.17.1.jar
                                                                 [classpath] /var/lib/neo4j/lib/neo4j-cypher-physical-planning-5.26.21.jar
                                                                 [classpath] /var/lib/neo4j/lib/cypher-v5-ast-factory-5.26.21.jar
                                                                 [classpath] /var/lib/neo4j/lib/parquet-column-1.15.2.jar
                                                                 [classpath] /var/lib/neo4j/lib/jPowerShell-3.0.jar
                                                                 [classpath] /var/lib/neo4j/lib/shiro-hashes-argon2-2.0.1.jar
                                                                 [classpath] /var/lib/neo4j/lib/parquet-encoding-1.15.2.jar
                                                                 [classpath] /var/lib/neo4j/lib/neo4j-graphdb-api-5.26.21.jar
                                                                 [classpath] /var/lib/neo4j/lib/cypher-v25-antlr-parser-5.26.21.jar
                                                                 [classpath] /var/lib/neo4j/lib/reactive-streams-1.0.4.jar
                                                                 [classpath] /var/lib/neo4j/lib/neo4j-ast-5.26.21.jar
                                                                 [classpath] /var/lib/neo4j/lib/parquet-hadoop-1.15.2.jar
                                                                 [classpath] /var/lib/neo4j/lib/neo4j-io-5.26.21.jar
                                                                 [classpath] /var/lib/neo4j/lib/neo4j-cypher-5.26.21.jar
                                                                 [classpath] /var/lib/neo4j/lib/neo4j-slf4j-provider-5.26.21.jar
                                                                 [classpath] /var/lib/neo4j/lib/neo4j-util-5.26.21.jar
                                                                 [classpath] /var/lib/neo4j/lib/neo4j-import-util-5.26.21.jar
                                                                 [classpath] /var/lib/neo4j/lib/neo4j-token-api-5.26.21.jar
                                                                 [classpath] /var/lib/neo4j/lib/neo4j-cypher-slotted-runtime-5.26.21.jar
                                                                 [classpath] /var/lib/neo4j/lib/parquet-format-structures-1.15.2.jar
                                                                 [classpath] /var/lib/neo4j/lib/shiro-crypto-hash-2.0.1.jar
                                                                 [classpath] /var/lib/neo4j/lib/netty-transport-4.1.129.Final.jar
                                                                 [classpath] /var/lib/neo4j/lib/neo4j-data-collector-5.26.21.jar
                                                                 [classpath] /var/lib/neo4j/lib/jaxb-api-2.2.12.jar
                                                                 [classpath] /var/lib/neo4j/lib/cypher-parser-factory-5.26.21.jar
                                                                 [classpath] /var/lib/neo4j/lib/cypher-antlr-ast-common-5.26.21.jar
                                                                 [classpath] /var/lib/neo4j/lib/jetty-io-12.0.25.jar
                                                                 [classpath] /var/lib/neo4j/lib/cypher-v5-antlr-parser-5.26.21.jar
                                                                 [classpath] /var/lib/neo4j/lib/neo4j-cypher-dsl-2024.2.0.jar
                                                                 [classpath] /var/lib/neo4j/lib/log4j-core-2.25.3.jar
                                                                 [classpath] /var/lib/neo4j/lib/neo4j-schema-5.26.21.jar
                                                                 [classpath] /var/lib/neo4j/lib/neo4j-exceptions-5.26.21.jar
                                                                 [classpath] /var/lib/neo4j/lib/neo4j-server-5.26.21.jar
                                                                 [classpath] /var/lib/neo4j/lib/shiro-core-2.0.1.jar
                                                                 [classpath] /var/lib/neo4j/lib/javax.annotation-api-1.3.2.jar
                                                                 [classpath] /var/lib/neo4j/lib/jna-5.15.0.jar
                                                                 [classpath] /var/lib/neo4j/lib/neo4j-bolt-connection-netty-6.0.2.jar
                                                                 [classpath] /var/lib/neo4j/lib/jetty-http2-common-12.0.25.jar
                                                                 [classpath] /var/lib/neo4j/lib/jersey-common-2.46.jar
                                                                 [classpath] /var/lib/neo4j/lib/shiro-hashes-bcrypt-2.0.1.jar
                                                                 [classpath] /var/lib/neo4j/lib/jersey-client-2.46.jar
                                                                 [classpath] /var/lib/neo4j/lib/neo4j-cypher-expression-evaluator-5.26.21.jar
                                                                 [classpath] /var/lib/neo4j/lib/jersey-hk2-2.46.jar
                                                                 [classpath] /var/lib/neo4j/lib/neo4j-resource-5.26.21.jar
                                                                 [classpath] /var/lib/neo4j/lib/neo4j-import-api-5.26.21.jar
                                                                 [classpath] /var/lib/neo4j/lib/neo4j-cloud-5.26.21.jar
                                                                 [classpath] /var/lib/neo4j/lib/neo4j-gql-status-5.26.21.jar
                                                                 [classpath] /var/lib/neo4j/lib/netty-codec-4.1.129.Final.jar
                                                                 [classpath] /var/lib/neo4j/lib/jersey-server-2.46.jar
                                                                 [classpath] /var/lib/neo4j/lib/neo4j-kernel-api-5.26.21.jar
                                                                 [classpath] /var/lib/neo4j/lib/parquet-floor-1.51.jar
                                                                 [classpath] /var/lib/neo4j/lib/commons-configuration2-2.11.0.jar
                                                                 [classpath] /var/lib/neo4j/lib/neo4j-command-line-5.26.21.jar
                                                                 [classpath] /var/lib/neo4j/lib/neo4j-query-router-5.26.21.jar
                                                                 [classpath] /var/lib/neo4j/lib/neo4j-browser-ce-2025.8.0.jar
                                                                 [classpath] /var/lib/neo4j/lib/netty-common-4.1.129.Final.jar
                                                                 [classpath] /var/lib/neo4j/lib/jline-terminal-jansi-3.21.0.jar
                                                                 [classpath] /var/lib/neo4j/lib/hk2-api-2.6.1.jar
                                                                 [classpath] /var/lib/neo4j/lib/shiro-config-core-2.0.1.jar
                                                                 [classpath] /var/lib/neo4j/lib/neo4j-procedure-api-5.26.21.jar
                                                                 [classpath] /var/lib/neo4j/lib/neo4j-procedure-5.26.21.jar
                                                                 [classpath] /var/lib/neo4j/lib/netty-buffer-4.1.129.Final.jar
                                                                 [classpath] /var/lib/neo4j/lib/neo4j-cypher-planner-spi-5.26.21.jar
                                                                 [classpath] /var/lib/neo4j/lib/netty-transport-native-kqueue-4.1.129.Final-osx-x86_64.jar
                                                                 [classpath] /var/lib/neo4j/lib/shiro-event-2.0.1.jar
                                                                 [classpath] /var/lib/neo4j/lib/netty-transport-classes-epoll-4.1.129.Final.jar
                                                                 [classpath] /var/lib/neo4j/lib/commons-logging-1.3.4.jar
                                                                 [classpath] /var/lib/neo4j/lib/jakarta.activation-api-1.2.2.jar
                                                                 [classpath] /var/lib/neo4j/plugins/*
                                                                 [classpath] /var/lib/neo4j/lib/zstd-proxy-5.26.21.jar
                                                                 [classpath] /var/lib/neo4j/lib/cypher-v25-ast-factory-5.26.21.jar
                                                                 [classpath] /var/lib/neo4j/lib/cypher-v25-parser-listener-5.26.21.jar
                                                                 [classpath] /var/lib/neo4j/lib/neo4j-configuration-5.26.21.jar
                                                                 [classpath] /var/lib/neo4j/lib/neo4j-capabilities-5.26.21.jar
                                                                 [classpath] /var/lib/neo4j/lib/jersey-container-servlet-core-2.46.jar
                                                                 [classpath] /var/lib/neo4j/lib/jettison-1.5.4.jar
                                                                 [classpath] /var/lib/neo4j/lib/jakarta.inject-2.6.1.jar
                                                                 [classpath] /var/lib/neo4j/lib/neo4j-concurrent-5.26.21.jar
                                                                 [classpath] /var/lib/neo4j/lib/slf4j-api-2.0.9.jar
                                                                 [classpath] /var/lib/neo4j/lib/netty-transport-native-epoll-4.1.129.Final-linux-x86_64.jar
                                                                 [classpath] /var/lib/neo4j/lib/jline-reader-3.21.0.jar
                                                                 [classpath] /var/lib/neo4j/lib/netty-transport-classes-kqueue-4.1.129.Final.jar
                                                                 [classpath] /var/lib/neo4j/lib/FastInfoset-1.2.16.jar
                                                                 [classpath] /var/lib/neo4j/lib/jetty-alpn-java-server-12.0.25.jar
                                                                 [classpath] /var/lib/neo4j/lib/javassist-3.30.2-GA.jar
                                                                 [classpath] /var/lib/neo4j/lib/neo4j-java-driver-5.28.10.jar
                                                                 [classpath] /var/lib/neo4j/lib/neo4j-udc-5.26.21.jar
                                                                 [classpath] /var/lib/neo4j/lib/shiro-crypto-cipher-2.0.1.jar
                                                                 [classpath] /var/lib/neo4j/lib/neo4j-rewriting-5.26.21.jar
                                                                 [classpath] /var/lib/neo4j/lib/jetty-http2-hpack-12.0.25.jar
                                                                 [classpath] /var/lib/neo4j/lib/cypher-shell-5.26.21.jar
                                                                 [classpath] /var/lib/neo4j/lib/netty-transport-native-epoll-4.1.129.Final-linux-aarch_64.jar
                                                                 [classpath] /var/lib/neo4j/lib/neo4j-unsafe-5.26.21.jar
                                                                 [classpath] /var/lib/neo4j/lib/parquet-common-1.15.2.jar
                                                                 [classpath] /var/lib/neo4j/lib/neo4j-id-generator-5.26.21.jar
                                                                 [classpath] /var/lib/neo4j/lib/commons-lang3-3.18.0.jar
                                                                 [classpath] /var/lib/neo4j/lib/neo4j-dbms-5.26.21.jar
                                                                 [classpath] /var/lib/neo4j/lib/scala-reflect-2.13.11.jar
                                                                 [classpath] /var/lib/neo4j/lib/jakarta.annotation-api-1.3.5.jar
                                                                 [classpath] /var/lib/neo4j/lib/jctools-core-4.0.5.jar
                                                                 [classpath] /var/lib/neo4j/lib/jackson-core-2.18.0.jar
                                                                 [classpath] /var/lib/neo4j/lib/neo4j-bolt-5.26.21.jar
                                                                 [classpath] /var/lib/neo4j/lib/neo4j-front-end-5.26.21.jar
                                                                 [classpath] /var/lib/neo4j/lib/neo4j-fulltext-index-5.26.21.jar
                                                                 [classpath] /var/lib/neo4j/lib/neo4j-spatial-index-5.26.21.jar
                                                                 [classpath] /var/lib/neo4j/lib/cypher-antlr-common-5.26.21.jar
                                                                 [classpath] /var/lib/neo4j/lib/neo4j-cypher-rendering-5.26.21.jar
                                                                 [classpath] /var/lib/neo4j/lib/jetty-ee8-servlet-12.0.25.jar
                                                                 [classpath] /var/lib/neo4j/lib/lucene-core-9.11.1.jar
                                                                 [classpath] /var/lib/neo4j/lib/netty-codec-http-4.1.129.Final.jar
                                                                 [classpath] /var/lib/neo4j/lib/neo4j-cypher-javacc-parser-5.26.21.jar
                                                                 [classpath] /var/lib/neo4j/lib/neo4j-diagnostics-5.26.21.jar
                                                                 [classpath] /var/lib/neo4j/lib/jackson-jaxrs-base-2.18.0.jar
                                                                
2026-02-28 14:27:48.372+0000 INFO  [o.n.i.d.DiagnosticsManager] 
                                                                --------------------------------------------------------------------------------
                                                                                                [ Library path ]                                
                                                                --------------------------------------------------------------------------------
                                                                /usr/java/packages/lib
                                                                /usr/lib64
                                                                /usr/lib64
                                                                /usr/lib
                                                                /usr/lib
                                                                
2026-02-28 14:27:48.372+0000 INFO  [o.n.i.d.DiagnosticsManager] 
                                                                --------------------------------------------------------------------------------
                                                                                             [ System properties ]                              
                                                                --------------------------------------------------------------------------------
                                                                jdk.tls.rejectClientInitiatedRenegotiation = true
                                                                sun.jnu.encoding = UTF-8
                                                                log4j.layout.jsonTemplate.maxStringLength = 32768
                                                                sun.arch.data.model = 64
                                                                user.timezone = Etc/UTC
                                                                sun.java.launcher = SUN_STANDARD
                                                                sun.boot.library.path = /opt/java/openjdk/lib
                                                                sun.java.command = org.neo4j.server.CommunityEntryPoint --home-dir=/var/lib/neo4j --config-dir=/var/lib/neo4j/conf --console-mode
                                                                jdk.debug = release
                                                                io.netty.tryReflectionSetAccessible = true
                                                                sun.cpu.endian = little
                                                                user.home = /var/lib/neo4j
                                                                user.language = en
                                                                file.separator = /
                                                                jdk.tls.ephemeralDHKeySize = 2048
                                                                sun.management.compiler = HotSpot 64-Bit Tiered Compilers
                                                                user.name = neo4j
                                                                stdout.encoding = UTF-8
                                                                jdk.nio.maxCachedBufferSize = 1024
                                                                path.separator = :
                                                                file.encoding = UTF-8
                                                                jnidispatch.path = /var/lib/neo4j/.cache/JNA/temp/jna2813015084007039838.tmp
                                                                jna.loaded = true
                                                                user.dir = /var/lib/neo4j
                                                                native.encoding = UTF-8
                                                                stderr.encoding = UTF-8
                                                                sun.io.unicode.encoding = UnicodeLittle
                                                                log4j2.disable.jmx = true
                                                                
2026-02-28 14:27:48.373+0000 INFO  [o.n.i.d.DiagnosticsManager] 
                                                                --------------------------------------------------------------------------------
                                                                                      [ (IANA) TimeZone database version ]                      
                                                                --------------------------------------------------------------------------------
                                                                  TimeZone version: 2025b (available for 604 zone identifiers)
                                                                
2026-02-28 14:27:48.374+0000 INFO  [o.n.i.d.DiagnosticsManager] 
                                                                --------------------------------------------------------------------------------
                                                                                            [ Network information ]                             
                                                                --------------------------------------------------------------------------------
                                                                Interface eth0:
                                                                    address: 172.18.0.3
                                                                Interface lo:
                                                                    address: 0:0:0:0:0:0:0:1%lo
                                                                    address: 127.0.0.1
                                                                
2026-02-28 14:27:48.375+0000 INFO  [o.n.i.d.DiagnosticsManager] 
                                                                --------------------------------------------------------------------------------
                                                                                         [ Native access information ]                          
                                                                --------------------------------------------------------------------------------
                                                                Native access details: Linux native access is available.
                                                                
2026-02-28 14:27:48.375+0000 INFO  [o.n.i.d.DiagnosticsManager] 
                                                                --------------------------------------------------------------------------------
                                                                                                [ DBMS config ]                                 
                                                                --------------------------------------------------------------------------------
                                                                DBMS provided settings:
                                                                db.tx_log.rotation.retention_policy=2 days 2G
                                                                server.bolt.enabled=true
                                                                server.default_listen_address=0.0.0.0
                                                                server.directories.import=/var/lib/neo4j/import
                                                                server.directories.logs=/logs
                                                                server.directories.neo4j_home=/var/lib/neo4j
                                                                server.http.enabled=true
                                                                server.https.enabled=false
                                                                server.jvm.additional=-XX:+UseG1GC
-XX:-OmitStackTraceInFastThrow
-XX:+AlwaysPreTouch
-XX:+UnlockExperimentalVMOptions
-XX:+TrustFinalNonStaticFields
-XX:+DisableExplicitGC
-Djdk.nio.maxCachedBufferSize=1024
-Dio.netty.tryReflectionSetAccessible=true
-Djdk.tls.ephemeralDHKeySize=2048
-Djdk.tls.rejectClientInitiatedRenegotiation=true
-XX:FlightRecorderOptions=stackdepth=256
-XX:+UnlockDiagnosticVMOptions
-XX:+DebugNonSafepoints
--add-opens=java.base/java.nio=ALL-UNNAMED
--add-opens=java.base/java.io=ALL-UNNAMED
--add-opens=java.base/sun.nio.ch=ALL-UNNAMED
--enable-native-access=ALL-UNNAMED
-Dlog4j2.disable.jmx=true
-Dlog4j.layout.jsonTemplate.maxStringLength=32768
                                                                server.memory.pagecache.size=512.00MiB
                                                                server.windows_service_name=neo4j
                                                                Directories in use:
                                                                server.directories.data=/var/lib/neo4j/data
                                                                server.directories.dumps.root=/var/lib/neo4j/data/dumps
                                                                server.directories.import=/var/lib/neo4j/import
                                                                server.directories.lib=/var/lib/neo4j/lib
                                                                server.directories.licenses=/var/lib/neo4j/licenses
                                                                server.directories.logs=/logs
                                                                server.directories.neo4j_home=/var/lib/neo4j
                                                                server.directories.plugins=/var/lib/neo4j/plugins
                                                                server.directories.run=/var/lib/neo4j/run
                                                                server.directories.script.root=/var/lib/neo4j/data/scripts
                                                                server.directories.transaction.logs.root=/var/lib/neo4j/data/transactions
                                                                
2026-02-28 14:27:48.376+0000 INFO  [o.n.i.d.DiagnosticsManager] 
                                                                --------------------------------------------------------------------------------
                                                                                                 [ Packaging ]                                  
                                                                --------------------------------------------------------------------------------
                                                                Edition: Community
                                                                Package Type: docker trixie
                                                                
2026-02-28 14:27:48.490+0000 INFO  [o.n.d.i.DefaultIdentityModule] Generated new ServerId: ServerId{30925ab2} (30925ab2-8f22-4a28-9204-4a32a7ad0ddb)
2026-02-28 14:27:48.496+0000 INFO  [o.n.d.i.DefaultIdentityModule] This instance is ServerId{30925ab2} (30925ab2-8f22-4a28-9204-4a32a7ad0ddb)
2026-02-28 14:27:58.785+0000 INFO  [o.n.s.CommunityNeoWebServer] ======== Neo4j 5.26.21 ========
2026-02-28 14:27:59.165+0000 INFO  [o.n.d.d.DatabaseLifecycles] Creating 'DatabaseId{00000000[system]}'.
2026-02-28 14:28:04.285+0000 INFO  [o.n.b.BoltServer] Using connector transport epoll
2026-02-28 14:28:05.302+0000 INFO  [o.n.b.BoltServer] Configured external Bolt connector with listener address /0.0.0.0:7687
2026-02-28 14:28:05.310+0000 INFO  [o.n.b.BoltServer] Bolt server loaded
2026-02-28 14:28:05.832+0000 INFO  [o.n.d.d.DatabaseLifecycles] Starting 'DatabaseId{00000000[system]}'.
2026-02-28 14:28:09.619+0000 WARN  [o.n.k.i.c.VmPauseMonitorComponent] Detected VM stop-the-world pause: {pauseTime=2022, gcTime=2652, gcCount=2}
2026-02-28 14:28:09.858+0000 WARN  [o.n.k.i.c.VmPauseMonitorComponent] Detected VM stop-the-world pause: {pauseTime=781, gcTime=33, gcCount=1}
2026-02-28 14:28:11.990+0000 WARN  [o.n.k.i.c.VmPauseMonitorComponent] Detected VM stop-the-world pause: {pauseTime=321, gcTime=468, gcCount=1}
2026-02-28 14:28:17.691+0000 INFO  [o.n.i.d.DiagnosticsManager] [system/00000000] 
                                                                [system/00000000] ********************************************************************************
                                                                [system/00000000]                               [ Database: system ]                              
                                                                [system/00000000] ********************************************************************************
                                                                [system/00000000] --------------------------------------------------------------------------------
                                                                [system/00000000]                                   [ Version ]                                   
                                                                [system/00000000] --------------------------------------------------------------------------------
                                                                [system/00000000] DBMS: community record-aligned-1.1
                                                                [system/00000000] Kernel version: 5.26.21
                                                                [system/00000000] 
                                                                [system/00000000] --------------------------------------------------------------------------------
                                                                [system/00000000]                                 [ Store files ]                                 
                                                                [system/00000000] --------------------------------------------------------------------------------
                                                                [system/00000000] Disk space on partition (Total / Free / Free %): 511399211008 / 3831357440 / 0
                                                                [system/00000000] Storage files stored on file store: 9p
                                                                [system/00000000] Storage files: (filename : modification date - size)
                                                                [system/00000000]   neostore: 2026-02-28 14:28:16.771+0000 - 8.000KiB
                                                                [system/00000000]   neostore.counts.db: 2026-02-28 14:28:16.819+0000 - 0B
                                                                [system/00000000]   neostore.indexstats.db: 2026-02-28 14:28:16.859+0000 - 0B
                                                                [system/00000000]   neostore.labeltokenstore.db: 2026-02-28 14:28:16.723+0000 - 0B
                                                                [system/00000000]   neostore.labeltokenstore.db.id: 2026-02-28 14:28:16.721+0000 - 0B
                                                                [system/00000000]   neostore.labeltokenstore.db.names: 2026-02-28 14:28:16.716+0000 - 8.000KiB
                                                                [system/00000000]   neostore.labeltokenstore.db.names.id: 2026-02-28 14:28:16.713+0000 - 0B
                                                                [system/00000000]   neostore.nodestore.db: 2026-02-28 14:28:16.651+0000 - 0B
                                                                [system/00000000]   neostore.nodestore.db.id: 2026-02-28 14:28:16.648+0000 - 0B
                                                                [system/00000000]   neostore.nodestore.db.labels: 2026-02-28 14:28:16.637+0000 - 8.000KiB
                                                                [system/00000000]   neostore.nodestore.db.labels.id: 2026-02-28 14:28:16.432+0000 - 0B
                                                                [system/00000000]   neostore.propertystore.db: 2026-02-28 14:28:16.690+0000 - 0B
                                                                [system/00000000]   neostore.propertystore.db.arrays: 2026-02-28 14:28:16.681+0000 - 8.000KiB
                                                                [system/00000000]   neostore.propertystore.db.arrays.id: 2026-02-28 14:28:16.677+0000 - 0B
                                                                [system/00000000]   neostore.propertystore.db.id: 2026-02-28 14:28:16.688+0000 - 0B
                                                                [system/00000000]   neostore.propertystore.db.index: 2026-02-28 14:28:16.666+0000 - 0B
                                                                [system/00000000]   neostore.propertystore.db.index.id: 2026-02-28 14:28:16.664+0000 - 0B
                                                                [system/00000000]   neostore.propertystore.db.index.keys: 2026-02-28 14:28:16.657+0000 - 8.000KiB
                                                                [system/00000000]   neostore.propertystore.db.index.keys.id: 2026-02-28 14:28:16.653+0000 - 0B
                                                                [system/00000000]   neostore.propertystore.db.strings: 2026-02-28 14:28:16.672+0000 - 8.000KiB
                                                                [system/00000000]   neostore.propertystore.db.strings.id: 2026-02-28 14:28:16.669+0000 - 0B
                                                                [system/00000000]   neostore.relationshipgroupstore.db: 2026-02-28 14:28:16.741+0000 - 8.000KiB
                                                                [system/00000000]   neostore.relationshipgroupstore.db.id: 2026-02-28 14:28:16.737+0000 - 0B
                                                                [system/00000000]   neostore.relationshipgroupstore.degrees.db: 2026-02-28 14:28:16.841+0000 - 0B
                                                                [system/00000000]   neostore.relationshipstore.db: 2026-02-28 14:28:16.696+0000 - 0B
                                                                [system/00000000]   neostore.relationshipstore.db.id: 2026-02-28 14:28:16.693+0000 - 0B
                                                                [system/00000000]   neostore.relationshiptypestore.db: 2026-02-28 14:28:16.710+0000 - 0B
                                                                [system/00000000]   neostore.relationshiptypestore.db.id: 2026-02-28 14:28:16.707+0000 - 0B
                                                                [system/00000000]   neostore.relationshiptypestore.db.names: 2026-02-28 14:28:16.702+0000 - 8.000KiB
                                                                [system/00000000]   neostore.relationshiptypestore.db.names.id: 2026-02-28 14:28:16.698+0000 - 0B
                                                                [system/00000000]   neostore.schemastore.db: 2026-02-28 14:28:16.733+0000 - 8.000KiB
                                                                [system/00000000]   neostore.schemastore.db.id: 2026-02-28 14:28:16.729+0000 - 0B
                                                                [system/00000000] Storage summary: 
                                                                [system/00000000]   Total size of store: 72.00KiB
                                                                [system/00000000]   Total size of mapped files: 72.00KiB
                                                                [system/00000000] 
                                                                [system/00000000] --------------------------------------------------------------------------------
                                                                [system/00000000]                               [ Transaction log ]                               
                                                                [system/00000000] --------------------------------------------------------------------------------
                                                                [system/00000000] Transaction log files stored on file store: 9p
                                                                [system/00000000] Transaction log metadata:
                                                                [system/00000000]  - current kernel version used in transactions: V5_25
                                                                [system/00000000]  - last committed transaction id: 1
                                                                [system/00000000] Transaction log files:
                                                                [system/00000000]  - existing transaction log versions: -1--1
                                                                [system/00000000]  - no transactions found
                                                                [system/00000000] Checkpoint log files:
                                                                [system/00000000]  - existing checkpoint log versions: -1--1
                                                                [system/00000000]  - no checkpoints found
                                                                [system/00000000] 
                                                                [system/00000000] --------------------------------------------------------------------------------
                                                                [system/00000000]                                   [ Id usage ]                                  
                                                                [system/00000000] --------------------------------------------------------------------------------
                                                                [system/00000000] ArrayPropertyStore[neostore.nodestore.db.labels]: used=1 high=0
                                                                [system/00000000] NodeStore[neostore.nodestore.db]: used=0 high=-1
                                                                [system/00000000] StringPropertyStore[neostore.propertystore.db.index.keys]: used=1 high=0
                                                                [system/00000000] PropertyIndexStore[neostore.propertystore.db.index]: used=0 high=-1
                                                                [system/00000000] StringPropertyStore[neostore.propertystore.db.strings]: used=1 high=0
                                                                [system/00000000] ArrayPropertyStore[neostore.propertystore.db.arrays]: used=1 high=0
                                                                [system/00000000] PropertyStore[neostore.propertystore.db]: used=0 high=-1
                                                                [system/00000000] RelationshipStore[neostore.relationshipstore.db]: used=0 high=-1
                                                                [system/00000000] StringPropertyStore[neostore.relationshiptypestore.db.names]: used=1 high=0
                                                                [system/00000000] RelationshipTypeStore[neostore.relationshiptypestore.db]: used=0 high=-1
                                                                [system/00000000] StringPropertyStore[neostore.labeltokenstore.db.names]: used=1 high=0
                                                                [system/00000000] LabelTokenStore[neostore.labeltokenstore.db]: used=0 high=-1
                                                                [system/00000000] SchemaStore[neostore.schemastore.db]: used=1 high=0
                                                                [system/00000000] RelationshipGroupStore[neostore.relationshipgroupstore.db]: used=1 high=0
                                                                [system/00000000] NeoStore[neostore]: used=-1 high=-1
                                                                [system/00000000] 
                                                                [system/00000000] --------------------------------------------------------------------------------
                                                                [system/00000000]                                   [ Metadata ]                                  
                                                                [system/00000000] --------------------------------------------------------------------------------
                                                                [system/00000000] EXTERNAL_STORE_UUID (Database identifier exposed as external store identity. Generated on creation and never updated): 1b5f3e3e-6c90-4dac-9f7b-3748ea1a468f
                                                                [system/00000000] DATABASE_ID (The last used DatabaseId for this database): null
                                                                [system/00000000] LEGACY_STORE_VERSION (Legacy store format version. This field is used from 5.0 onwards only to distinguish non-migrated pre 5.0 metadata stores.): -3523014627327384477
                                                                [system/00000000] STORE_ID (Store ID): StoreId{creationTime=1772288897268, random=-193384268628867232, storageEngineName='record', formatName='aligned', majorVersion=1, minorVersion=1}
                                                                [system/00000000] 
2026-02-28 14:28:17.745+0000 INFO  [o.n.k.a.DatabaseAvailabilityGuard] [system/00000000] Requirement `Database unavailable` makes database system unavailable.
2026-02-28 14:28:17.747+0000 INFO  [o.n.k.a.DatabaseAvailabilityGuard] [system/00000000] DatabaseId{00000000[system]} is unavailable.
2026-02-28 14:28:17.793+0000 WARN  [o.n.k.i.s.MetaDataStore] [system/00000000] Missing counts store, rebuilding it.
2026-02-28 14:28:17.804+0000 WARN  [o.n.k.i.s.MetaDataStore] [system/00000000] Counts store rebuild completed.
2026-02-28 14:28:22.828+0000 WARN  [o.n.k.i.c.VmPauseMonitorComponent] Detected VM stop-the-world pause: {pauseTime=662, gcTime=0, gcCount=0}
2026-02-28 14:28:29.923+0000 WARN  [o.n.k.i.c.VmPauseMonitorComponent] Detected VM stop-the-world pause: {pauseTime=431, gcTime=0, gcCount=0}
2026-02-28 14:28:30.204+0000 WARN  [o.n.k.i.c.VmPauseMonitorComponent] Detected VM stop-the-world pause: {pauseTime=250, gcTime=0, gcCount=0}
2026-02-28 14:28:31.580+0000 INFO  [o.n.k.d.Database] [system/00000000] Starting transaction log [/data/transactions/system/neostore.transaction.db.0] at version=0
2026-02-28 14:28:32.408+0000 INFO  [o.n.k.d.Database] [system/00000000] Starting transaction log [/data/transactions/system/checkpoint.0] at version=0
2026-02-28 14:28:32.469+0000 INFO  [o.n.k.i.t.l.f.c.CheckpointLogFile] [system/00000000] Scanning log file with version 0 for checkpoint entries
2026-02-28 14:28:32.882+0000 INFO  [o.n.k.a.DatabaseAvailabilityGuard] [system/00000000] Fulfilling of requirement 'Database unavailable' makes database system available.
2026-02-28 14:28:32.889+0000 INFO  [o.n.k.a.DatabaseAvailabilityGuard] [system/00000000] DatabaseId{00000000[system]} is ready.
2026-02-28 14:28:34.680+0000 INFO  [o.n.k.i.a.i.IndexPopulationJob] [system/00000000] Index population started: [Index( id=1, name='index_343aff4e', type='LOOKUP', schema=(:<any-labels>), indexProvider='token-lookup-1.0' )]
2026-02-28 14:28:34.890+0000 INFO  [o.n.k.i.a.i.IndexPopulationJob] [system/00000000] Index creation finished for index [Index( id=1, name='index_343aff4e', type='LOOKUP', schema=(:<any-labels>), indexProvider='token-lookup-1.0' )].
2026-02-28 14:28:34.930+0000 INFO  [o.n.k.i.a.i.IndexPopulationJob] [system/00000000] Index population started: [Index( id=2, name='index_f7700477', type='LOOKUP', schema=()-[:<any-types>]-(), indexProvider='token-lookup-1.0' )]
2026-02-28 14:28:34.969+0000 INFO  [o.n.k.i.a.i.IndexPopulationJob] [system/00000000] Index creation finished for index [Index( id=2, name='index_f7700477', type='LOOKUP', schema=()-[:<any-types>]-(), indexProvider='token-lookup-1.0' )].
2026-02-28 14:28:35.015+0000 INFO  [o.n.k.i.t.l.c.CheckPointerImpl] [system/00000000] Checkpoint triggered by "Database init completed." @ txId: 3, append index: 3 checkpoint started...
2026-02-28 14:28:36.789+0000 WARN  [o.n.k.i.c.VmPauseMonitorComponent] Detected VM stop-the-world pause: {pauseTime=1241, gcTime=0, gcCount=0}
2026-02-28 14:28:37.734+0000 INFO  [o.n.k.i.t.l.c.CheckPointerImpl] [system/00000000] Checkpoint triggered by "Database init completed." @ txId: 3, append index: 3 checkpoint completed in 2s 656ms. Checkpoint flushed 74 pages (0% of total available pages), in 57 IOs. Checkpoint performed with IO limit: unlimited, paused in total 0 times( 0 millis).
2026-02-28 14:28:37.962+0000 INFO  [o.n.k.i.t.l.p.LogPruningImpl] [system/00000000] No log version pruned. The strategy used was '2 days 2147483648 size'. 
2026-02-28 14:28:40.669+0000 INFO  [o.n.k.i.a.i.IndexPopulationJob] [system/00000000] Index population started: [Index( id=3, name='constraint_798238d6', type='RANGE', schema=(:DatabaseName {name, namespace}), indexProvider='range-1.0' )]
2026-02-28 14:28:41.173+0000 INFO  [o.n.k.i.a.i.IndexPopulationJob] [system/00000000] Index creation finished for index [Index( id=3, name='constraint_798238d6', type='RANGE', schema=(:DatabaseName {name, namespace}), indexProvider='range-1.0' )].
2026-02-28 14:28:41.355+0000 INFO  [o.n.k.i.a.i.IndexPopulationJob] [system/00000000] Index population started: [Index( id=4, name='constraint_8014b60a', type='RANGE', schema=(:Database {name}), indexProvider='range-1.0' )]
2026-02-28 14:28:41.398+0000 INFO  [o.n.k.i.a.i.IndexPopulationJob] [system/00000000] Index creation finished for index [Index( id=4, name='constraint_8014b60a', type='RANGE', schema=(:Database {name}), indexProvider='range-1.0' )].
2026-02-28 14:28:41.509+0000 INFO  [o.n.k.i.a.i.IndexingService] [system/00000000] Constraint Index( id=3, name='constraint_798238d6', type='RANGE', schema=(:Label[1] {PropertyKey[11], PropertyKey[12]}), indexProvider='range-1.0' ) is ONLINE.
2026-02-28 14:28:41.511+0000 INFO  [o.n.k.i.a.i.IndexingService] [system/00000000] Constraint Index( id=4, name='constraint_8014b60a', type='RANGE', schema=(:Label[2] {PropertyKey[11]}), indexProvider='range-1.0' ) is ONLINE.
2026-02-28 14:28:44.643+0000 WARN  [o.n.k.i.c.VmPauseMonitorComponent] Detected VM stop-the-world pause: {pauseTime=2132, gcTime=0, gcCount=0}
2026-02-28 14:28:48.120+0000 INFO  [o.n.k.i.a.i.IndexPopulationJob] [system/00000000] Index population started: [Index( id=7, name='constraint_5789ae3', type='RANGE', schema=(:User {name}), indexProvider='range-1.0' )]
2026-02-28 14:28:48.246+0000 INFO  [o.n.k.i.a.i.IndexPopulationJob] [system/00000000] Index creation finished for index [Index( id=7, name='constraint_5789ae3', type='RANGE', schema=(:User {name}), indexProvider='range-1.0' )].
2026-02-28 14:28:48.354+0000 INFO  [o.n.k.i.a.i.IndexPopulationJob] [system/00000000] Index population started: [Index( id=8, name='constraint_74fad970', type='RANGE', schema=(:User {id}), indexProvider='range-1.0' )]
2026-02-28 14:28:48.405+0000 INFO  [o.n.k.i.a.i.IndexPopulationJob] [system/00000000] Index creation finished for index [Index( id=8, name='constraint_74fad970', type='RANGE', schema=(:User {id}), indexProvider='range-1.0' )].
2026-02-28 14:28:48.457+0000 INFO  [o.n.k.i.a.i.IndexPopulationJob] [system/00000000] Index population started: [Index( id=9, name='auth-constraint', type='RANGE', schema=(:Auth {provider, id}), indexProvider='range-1.0' )]
2026-02-28 14:28:48.517+0000 INFO  [o.n.k.i.a.i.IndexPopulationJob] [system/00000000] Index creation finished for index [Index( id=9, name='auth-constraint', type='RANGE', schema=(:Auth {provider, id}), indexProvider='range-1.0' )].
2026-02-28 14:28:48.577+0000 INFO  [o.n.k.i.a.i.IndexingService] [system/00000000] Constraint Index( id=7, name='constraint_5789ae3', type='RANGE', schema=(:Label[3] {PropertyKey[11]}), indexProvider='range-1.0' ) is ONLINE.
2026-02-28 14:28:48.579+0000 INFO  [o.n.k.i.a.i.IndexingService] [system/00000000] Constraint Index( id=8, name='constraint_74fad970', type='RANGE', schema=(:Label[3] {PropertyKey[27]}), indexProvider='range-1.0' ) is ONLINE.
2026-02-28 14:28:48.580+0000 INFO  [o.n.k.i.a.i.IndexingService] [system/00000000] Constraint Index( id=9, name='auth-constraint', type='RANGE', schema=(:Label[4] {PropertyKey[28], PropertyKey[27]}), indexProvider='range-1.0' ) is ONLINE.
2026-02-28 14:28:48.586+0000 INFO  [o.n.s.s.s.UserSecurityGraphComponent] Initializing system graph model for component 'security-users' with version -1 and status UNINITIALIZED
2026-02-28 14:28:48.764+0000 INFO  [o.n.s.s.s.UserSecurityGraphComponent] Setting up initial user from `auth.ini` file: neo4j
2026-02-28 14:28:48.826+0000 INFO  [o.n.s.s.a.CommunitySecurityModule] CREATE USER neo4j PASSWORD ****** CHANGE NOT REQUIRED
2026-02-28 14:28:48.857+0000 INFO  [o.n.s.s.s.UserSecurityGraphComponent] Setting version for 'security-users' to 5
2026-02-28 14:28:48.863+0000 INFO  [o.n.s.s.s.UserSecurityGraphComponent] After initialization of system graph model component 'security-users' have version 5 and status CURRENT
2026-02-28 14:28:48.879+0000 INFO  [o.n.s.s.s.UserSecurityGraphComponent] Performing postInitialization step for component 'security-users' with version 5 and status CURRENT
2026-02-28 14:28:48.941+0000 INFO  [o.n.d.d.DatabaseLifecycles] Creating 'DatabaseId{38bce159[neo4j]}'.
2026-02-28 14:28:48.984+0000 INFO  [o.n.d.d.DatabaseLifecycles] Starting 'DatabaseId{38bce159[neo4j]}'.
2026-02-28 14:28:49.216+0000 INFO  [o.n.k.i.s.f.RecordFormatSelector] [neo4j/38bce159] Selected configured format for store /data/databases/neo4j: RecordFormat:PageAlignedV5_0[aligned-1.1]
2026-02-28 14:28:52.342+0000 INFO  [o.n.i.d.DiagnosticsManager] [neo4j/38bce159] 
                                                                [neo4j/38bce159] ********************************************************************************
                                                                [neo4j/38bce159]                               [ Database: neo4j ]                               
                                                                [neo4j/38bce159] ********************************************************************************
                                                                [neo4j/38bce159] --------------------------------------------------------------------------------
                                                                [neo4j/38bce159]                                   [ Version ]                                   
                                                                [neo4j/38bce159] --------------------------------------------------------------------------------
                                                                [neo4j/38bce159] DBMS: community record-aligned-1.1
                                                                [neo4j/38bce159] Kernel version: 5.26.21
                                                                [neo4j/38bce159] 
                                                                [neo4j/38bce159] --------------------------------------------------------------------------------
                                                                [neo4j/38bce159]                                 [ Store files ]                                 
                                                                [neo4j/38bce159] --------------------------------------------------------------------------------
                                                                [neo4j/38bce159] Disk space on partition (Total / Free / Free %): 511399211008 / 3525881856 / 0
                                                                [neo4j/38bce159] Storage files stored on file store: 9p
                                                                [neo4j/38bce159] Storage files: (filename : modification date - size)
                                                                [neo4j/38bce159]   neostore: 2026-02-28 14:28:48.334+0000 - 8.000KiB
                                                                [neo4j/38bce159]   neostore.counts.db: 2026-02-28 14:28:48.339+0000 - 0B
                                                                [neo4j/38bce159]   neostore.indexstats.db: 2026-02-28 14:28:48.356+0000 - 0B
                                                                [neo4j/38bce159]   neostore.labeltokenstore.db: 2026-02-28 14:28:48.297+0000 - 0B
                                                                [neo4j/38bce159]   neostore.labeltokenstore.db.id: 2026-02-28 14:28:48.294+0000 - 0B
                                                                [neo4j/38bce159]   neostore.labeltokenstore.db.names: 2026-02-28 14:28:48.287+0000 - 8.000KiB
                                                                [neo4j/38bce159]   neostore.labeltokenstore.db.names.id: 2026-02-28 14:28:48.283+0000 - 0B
                                                                [neo4j/38bce159]   neostore.nodestore.db: 2026-02-28 14:28:48.200+0000 - 0B
                                                                [neo4j/38bce159]   neostore.nodestore.db.id: 2026-02-28 14:28:48.196+0000 - 0B
                                                                [neo4j/38bce159]   neostore.nodestore.db.labels: 2026-02-28 14:28:48.186+0000 - 8.000KiB
                                                                [neo4j/38bce159]   neostore.nodestore.db.labels.id: 2026-02-28 14:28:48.180+0000 - 0B
                                                                [neo4j/38bce159]   neostore.propertystore.db: 2026-02-28 14:28:48.253+0000 - 0B
                                                                [neo4j/38bce159]   neostore.propertystore.db.arrays: 2026-02-28 14:28:48.241+0000 - 8.000KiB
                                                                [neo4j/38bce159]   neostore.propertystore.db.arrays.id: 2026-02-28 14:28:48.237+0000 - 0B
                                                                [neo4j/38bce159]   neostore.propertystore.db.id: 2026-02-28 14:28:48.249+0000 - 0B
                                                                [neo4j/38bce159]   neostore.propertystore.db.index: 2026-02-28 14:28:48.222+0000 - 0B
                                                                [neo4j/38bce159]   neostore.propertystore.db.index.id: 2026-02-28 14:28:48.217+0000 - 0B
                                                                [neo4j/38bce159]   neostore.propertystore.db.index.keys: 2026-02-28 14:28:48.209+0000 - 8.000KiB
                                                                [neo4j/38bce159]   neostore.propertystore.db.index.keys.id: 2026-02-28 14:28:48.204+0000 - 0B
                                                                [neo4j/38bce159]   neostore.propertystore.db.strings: 2026-02-28 14:28:48.231+0000 - 8.000KiB
                                                                [neo4j/38bce159]   neostore.propertystore.db.strings.id: 2026-02-28 14:28:48.225+0000 - 0B
                                                                [neo4j/38bce159]   neostore.relationshipgroupstore.db: 2026-02-28 14:28:48.319+0000 - 8.000KiB
                                                                [neo4j/38bce159]   neostore.relationshipgroupstore.db.id: 2026-02-28 14:28:48.313+0000 - 0B
                                                                [neo4j/38bce159]   neostore.relationshipgroupstore.degrees.db: 2026-02-28 14:28:48.344+0000 - 0B
                                                                [neo4j/38bce159]   neostore.relationshipstore.db: 2026-02-28 14:28:48.261+0000 - 0B
                                                                [neo4j/38bce159]   neostore.relationshipstore.db.id: 2026-02-28 14:28:48.258+0000 - 0B
                                                                [neo4j/38bce159]   neostore.relationshiptypestore.db: 2026-02-28 14:28:48.280+0000 - 0B
                                                                [neo4j/38bce159]   neostore.relationshiptypestore.db.id: 2026-02-28 14:28:48.278+0000 - 0B
                                                                [neo4j/38bce159]   neostore.relationshiptypestore.db.names: 2026-02-28 14:28:48.272+0000 - 8.000KiB
                                                                [neo4j/38bce159]   neostore.relationshiptypestore.db.names.id: 2026-02-28 14:28:48.267+0000 - 0B
                                                                [neo4j/38bce159]   neostore.schemastore.db: 2026-02-28 14:28:48.304+0000 - 8.000KiB
                                                                [neo4j/38bce159]   neostore.schemastore.db.id: 2026-02-28 14:28:48.301+0000 - 0B
                                                                [neo4j/38bce159] Storage summary: 
                                                                [neo4j/38bce159]   Total size of store: 72.00KiB
                                                                [neo4j/38bce159]   Total size of mapped files: 72.00KiB
                                                                [neo4j/38bce159] 
                                                                [neo4j/38bce159] --------------------------------------------------------------------------------
                                                                [neo4j/38bce159]                               [ Transaction log ]                               
                                                                [neo4j/38bce159] --------------------------------------------------------------------------------
                                                                [neo4j/38bce159] Transaction log files stored on file store: 9p
                                                                [neo4j/38bce159] Transaction log metadata:
                                                                [neo4j/38bce159]  - current kernel version used in transactions: V5_25
                                                                [neo4j/38bce159]  - last committed transaction id: 1
                                                                [neo4j/38bce159] Transaction log files:
                                                                [neo4j/38bce159]  - existing transaction log versions: -1--1
                                                                [neo4j/38bce159]  - no transactions found
                                                                [neo4j/38bce159] Checkpoint log files:
                                                                [neo4j/38bce159]  - existing checkpoint log versions: -1--1
                                                                [neo4j/38bce159]  - no checkpoints found
                                                                [neo4j/38bce159] 
                                                                [neo4j/38bce159] --------------------------------------------------------------------------------
                                                                [neo4j/38bce159]                                   [ Id usage ]                                  
                                                                [neo4j/38bce159] --------------------------------------------------------------------------------
                                                                [neo4j/38bce159] ArrayPropertyStore[neostore.nodestore.db.labels]: used=1 high=0
                                                                [neo4j/38bce159] NodeStore[neostore.nodestore.db]: used=0 high=-1
                                                                [neo4j/38bce159] StringPropertyStore[neostore.propertystore.db.index.keys]: used=1 high=0
                                                                [neo4j/38bce159] PropertyIndexStore[neostore.propertystore.db.index]: used=0 high=-1
                                                                [neo4j/38bce159] StringPropertyStore[neostore.propertystore.db.strings]: used=1 high=0
                                                                [neo4j/38bce159] ArrayPropertyStore[neostore.propertystore.db.arrays]: used=1 high=0
                                                                [neo4j/38bce159] PropertyStore[neostore.propertystore.db]: used=0 high=-1
                                                                [neo4j/38bce159] RelationshipStore[neostore.relationshipstore.db]: used=0 high=-1
                                                                [neo4j/38bce159] StringPropertyStore[neostore.relationshiptypestore.db.names]: used=1 high=0
                                                                [neo4j/38bce159] RelationshipTypeStore[neostore.relationshiptypestore.db]: used=0 high=-1
                                                                [neo4j/38bce159] StringPropertyStore[neostore.labeltokenstore.db.names]: used=1 high=0
                                                                [neo4j/38bce159] LabelTokenStore[neostore.labeltokenstore.db]: used=0 high=-1
                                                                [neo4j/38bce159] SchemaStore[neostore.schemastore.db]: used=1 high=0
                                                                [neo4j/38bce159] RelationshipGroupStore[neostore.relationshipgroupstore.db]: used=1 high=0
                                                                [neo4j/38bce159] NeoStore[neostore]: used=-1 high=-1
                                                                [neo4j/38bce159] 
                                                                [neo4j/38bce159] --------------------------------------------------------------------------------
                                                                [neo4j/38bce159]                                   [ Metadata ]                                  
                                                                [neo4j/38bce159] --------------------------------------------------------------------------------
                                                                [neo4j/38bce159] EXTERNAL_STORE_UUID (Database identifier exposed as external store identity. Generated on creation and never updated): 5dedf857-ad8a-4184-93f6-721c311b08ef
                                                                [neo4j/38bce159] DATABASE_ID (The last used DatabaseId for this database): null
                                                                [neo4j/38bce159] LEGACY_STORE_VERSION (Legacy store format version. This field is used from 5.0 onwards only to distinguish non-migrated pre 5.0 metadata stores.): -3523014627327384477
                                                                [neo4j/38bce159] STORE_ID (Store ID): StoreId{creationTime=1772288929371, random=420541081146113903, storageEngineName='record', formatName='aligned', majorVersion=1, minorVersion=1}
                                                                [neo4j/38bce159] 
2026-02-28 14:28:52.345+0000 WARN  [o.n.k.i.c.VmPauseMonitorComponent] Detected VM stop-the-world pause: {pauseTime=499, gcTime=0, gcCount=0}
2026-02-28 14:28:52.593+0000 WARN  [o.n.k.i.c.VmPauseMonitorComponent] Detected VM stop-the-world pause: {pauseTime=1950, gcTime=0, gcCount=0}
2026-02-28 14:28:52.605+0000 INFO  [o.n.k.a.DatabaseAvailabilityGuard] [neo4j/38bce159] Requirement `Database unavailable` makes database neo4j unavailable.
2026-02-28 14:28:52.607+0000 INFO  [o.n.k.a.DatabaseAvailabilityGuard] [neo4j/38bce159] DatabaseId{38bce159[neo4j]} is unavailable.
2026-02-28 14:28:52.727+0000 WARN  [o.n.k.i.s.MetaDataStore] [neo4j/38bce159] Missing counts store, rebuilding it.
2026-02-28 14:28:52.734+0000 WARN  [o.n.k.i.s.MetaDataStore] [neo4j/38bce159] Counts store rebuild completed.
2026-02-28 14:29:04.196+0000 WARN  [o.n.k.i.c.VmPauseMonitorComponent] Detected VM stop-the-world pause: {pauseTime=3616, gcTime=0, gcCount=0}
2026-02-28 14:29:06.187+0000 WARN  [o.n.k.i.c.VmPauseMonitorComponent] Detected VM stop-the-world pause: {pauseTime=2365, gcTime=0, gcCount=0}
2026-02-28 14:29:07.581+0000 INFO  [o.n.k.d.Database] [neo4j/38bce159] Starting transaction log [/data/transactions/neo4j/neostore.transaction.db.0] at version=0
2026-02-28 14:29:07.691+0000 INFO  [o.n.k.d.Database] [neo4j/38bce159] Starting transaction log [/data/transactions/neo4j/checkpoint.0] at version=0
2026-02-28 14:29:07.749+0000 INFO  [o.n.k.i.t.l.f.c.CheckpointLogFile] [neo4j/38bce159] Scanning log file with version 0 for checkpoint entries
2026-02-28 14:29:08.031+0000 INFO  [o.n.k.a.DatabaseAvailabilityGuard] [neo4j/38bce159] Fulfilling of requirement 'Database unavailable' makes database neo4j available.
2026-02-28 14:29:08.035+0000 INFO  [o.n.k.a.DatabaseAvailabilityGuard] [neo4j/38bce159] DatabaseId{38bce159[neo4j]} is ready.
2026-02-28 14:29:08.720+0000 INFO  [o.n.k.i.a.i.IndexPopulationJob] [neo4j/38bce159] Index population started: [Index( id=1, name='index_343aff4e', type='LOOKUP', schema=(:<any-labels>), indexProvider='token-lookup-1.0' )]
2026-02-28 14:29:08.919+0000 INFO  [o.n.k.i.a.i.IndexPopulationJob] [neo4j/38bce159] Index creation finished for index [Index( id=1, name='index_343aff4e', type='LOOKUP', schema=(:<any-labels>), indexProvider='token-lookup-1.0' )].
2026-02-28 14:29:08.968+0000 INFO  [o.n.k.i.a.i.IndexPopulationJob] [neo4j/38bce159] Index population started: [Index( id=2, name='index_f7700477', type='LOOKUP', schema=()-[:<any-types>]-(), indexProvider='token-lookup-1.0' )]
2026-02-28 14:29:09.015+0000 INFO  [o.n.k.i.a.i.IndexPopulationJob] [neo4j/38bce159] Index creation finished for index [Index( id=2, name='index_f7700477', type='LOOKUP', schema=()-[:<any-types>]-(), indexProvider='token-lookup-1.0' )].
2026-02-28 14:29:09.049+0000 INFO  [o.n.k.i.t.l.c.CheckPointerImpl] [neo4j/38bce159] Checkpoint triggered by "Database init completed." @ txId: 3, append index: 3 checkpoint started...
2026-02-28 14:29:09.663+0000 INFO  [o.n.k.i.t.l.c.CheckPointerImpl] [neo4j/38bce159] Checkpoint triggered by "Database init completed." @ txId: 3, append index: 3 checkpoint completed in 608ms. Checkpoint flushed 74 pages (0% of total available pages), in 57 IOs. Checkpoint performed with IO limit: unlimited, paused in total 0 times( 0 millis).
2026-02-28 14:29:09.671+0000 INFO  [o.n.k.i.t.l.p.LogPruningImpl] [neo4j/38bce159] No log version pruned. The strategy used was '2 days 2147483648 size'. 
2026-02-28 14:29:09.737+0000 INFO  [o.n.u.UserDataCollector] Anonymous Usage Data is being sent to Neo4j, see https://neo4j.com/docs/usage-data/
2026-02-28 14:29:12.085+0000 INFO  [o.n.b.p.c.c.n.SocketNettyConnector] Bolt enabled on 0.0.0.0:7687.
2026-02-28 14:29:12.102+0000 WARN  [i.n.b.ServerBootstrap] Unknown channel option 'SO_REUSEADDR' for channel '[id: 0x370eab05]' of type 'class io.netty.channel.local.LocalServerChannel'
2026-02-28 14:29:12.153+0000 INFO  [o.n.b.BoltServer] Bolt server started
2026-02-28 14:29:12.158+0000 INFO  [o.n.s.A.ServerComponentsLifecycleAdapter] Starting web server
2026-02-28 14:29:13.744+0000 WARN  [o.n.k.i.c.VmPauseMonitorComponent] Detected VM stop-the-world pause: {pauseTime=1150, gcTime=0, gcCount=0}
2026-02-28 14:29:19.886+0000 WARN  [o.n.k.i.c.VmPauseMonitorComponent] Detected VM stop-the-world pause: {pauseTime=915, gcTime=0, gcCount=0}
2026-02-28 14:29:22.320+0000 WARN  [o.n.k.i.c.VmPauseMonitorComponent] Detected VM stop-the-world pause: {pauseTime=352, gcTime=387, gcCount=1}
2026-02-28 14:29:23.168+0000 WARN  [o.n.k.i.c.VmPauseMonitorComponent] Detected VM stop-the-world pause: {pauseTime=425, gcTime=445, gcCount=1}
2026-02-28 14:29:25.881+0000 WARN  [o.n.k.i.c.VmPauseMonitorComponent] Detected VM stop-the-world pause: {pauseTime=293, gcTime=0, gcCount=0}
2026-02-28 14:29:26.143+0000 WARN  [o.n.k.i.c.VmPauseMonitorComponent] Detected VM stop-the-world pause: {pauseTime=527, gcTime=0, gcCount=0}
2026-02-28 14:29:32.973+0000 INFO  [o.n.s.CommunityNeoWebServer] HTTP enabled on 0.0.0.0:7474.
2026-02-28 14:29:32.976+0000 INFO  [o.n.s.CommunityNeoWebServer] Remote interface available at http://localhost:7474/
2026-02-28 14:29:32.977+0000 INFO  [o.n.s.A.ServerComponentsLifecycleAdapter] Web server started.
2026-02-28 14:29:33.024+0000 INFO  [o.n.g.f.DatabaseManagementServiceFactory] id: 513CDE5A1F5B57C1C8516EC517E20E163D84C5DE6F6C8A6ACFFF533213EBD119
2026-02-28 14:29:33.026+0000 INFO  [o.n.g.f.DatabaseManagementServiceFactory] name: system
2026-02-28 14:29:33.026+0000 INFO  [o.n.g.f.DatabaseManagementServiceFactory] creationDate: 2026-02-28T14:28:17.268Z
2026-02-28 14:29:34.636+0000 WARN  [o.n.k.i.c.VmPauseMonitorComponent] Detected VM stop-the-world pause: {pauseTime=276, gcTime=0, gcCount=0}
2026-02-28 14:29:34.908+0000 WARN  [o.n.k.i.c.VmPauseMonitorComponent] Detected VM stop-the-world pause: {pauseTime=777, gcTime=0, gcCount=0}
2026-02-28 14:29:42.576+0000 WARN  [o.n.k.i.c.VmPauseMonitorComponent] Detected VM stop-the-world pause: {pauseTime=1330, gcTime=0, gcCount=0}
2026-02-28 14:29:48.742+0000 WARN  [o.n.k.i.c.VmPauseMonitorComponent] Detected VM stop-the-world pause: {pauseTime=264, gcTime=0, gcCount=0}
2026-02-28 14:29:54.778+0000 WARN  [o.n.k.i.c.VmPauseMonitorComponent] Detected VM stop-the-world pause: {pauseTime=4229, gcTime=0, gcCount=0}
2026-02-28 14:29:55.087+0000 WARN  [o.n.k.i.c.VmPauseMonitorComponent] Detected VM stop-the-world pause: {pauseTime=269, gcTime=0, gcCount=0}
2026-02-28 14:30:08.495+0000 WARN  [o.n.k.i.c.VmPauseMonitorComponent] Detected VM stop-the-world pause: {pauseTime=336, gcTime=0, gcCount=0}
2026-02-28 14:30:08.895+0000 WARN  [o.n.k.i.c.VmPauseMonitorComponent] Detected VM stop-the-world pause: {pauseTime=623, gcTime=0, gcCount=0}
2026-02-28 14:30:26.486+0000 WARN  [o.n.k.i.c.VmPauseMonitorComponent] Detected VM stop-the-world pause: {pauseTime=764, gcTime=0, gcCount=0}
2026-02-28 14:30:26.757+0000 WARN  [o.n.k.i.c.VmPauseMonitorComponent] Detected VM stop-the-world pause: {pauseTime=220, gcTime=0, gcCount=0}
2026-02-28 14:31:00.382+0000 WARN  [o.n.k.i.c.VmPauseMonitorComponent] Detected VM stop-the-world pause: {pauseTime=335, gcTime=0, gcCount=0}
2026-02-28 14:31:00.769+0000 WARN  [o.n.k.i.c.VmPauseMonitorComponent] Detected VM stop-the-world pause: {pauseTime=1280, gcTime=0, gcCount=0}
2026-02-28 14:32:00.738+0000 WARN  [o.n.k.i.c.VmPauseMonitorComponent] Detected VM stop-the-world pause: {pauseTime=971, gcTime=0, gcCount=0}
2026-02-28 14:32:01.144+0000 WARN  [o.n.k.i.c.VmPauseMonitorComponent] Detected VM stop-the-world pause: {pauseTime=335, gcTime=0, gcCount=0}
2026-02-28 14:33:10.131+0000 WARN  [o.n.k.i.c.VmPauseMonitorComponent] Detected VM stop-the-world pause: {pauseTime=880, gcTime=0, gcCount=0}
2026-02-28 14:33:10.476+0000 WARN  [o.n.k.i.c.VmPauseMonitorComponent] Detected VM stop-the-world pause: {pauseTime=282, gcTime=0, gcCount=0}
2026-02-28 14:34:27.680+0000 WARN  [o.n.k.i.c.VmPauseMonitorComponent] Detected VM stop-the-world pause: {pauseTime=6773, gcTime=0, gcCount=0}
2026-02-28 14:34:28.098+0000 WARN  [o.n.k.i.c.VmPauseMonitorComponent] Detected VM stop-the-world pause: {pauseTime=772, gcTime=0, gcCount=0}
2026-02-28 14:34:33.854+0000 WARN  [o.n.k.i.c.VmPauseMonitorComponent] Detected VM stop-the-world pause: {pauseTime=307, gcTime=0, gcCount=0}
2026-02-28 14:34:38.907+0000 WARN  [o.n.k.i.c.VmPauseMonitorComponent] Detected VM stop-the-world pause: {pauseTime=208, gcTime=0, gcCount=0}
2026-02-28 14:34:39.177+0000 WARN  [o.n.k.i.c.VmPauseMonitorComponent] Detected VM stop-the-world pause: {pauseTime=231, gcTime=0, gcCount=0}
2026-02-28 14:34:44.664+0000 WARN  [o.n.k.i.c.VmPauseMonitorComponent] Detected VM stop-the-world pause: {pauseTime=683, gcTime=0, gcCount=0}
2026-02-28 14:34:44.933+0000 WARN  [o.n.k.i.c.VmPauseMonitorComponent] Detected VM stop-the-world pause: {pauseTime=255, gcTime=0, gcCount=0}
2026-02-28 14:34:53.507+0000 WARN  [o.n.k.i.c.VmPauseMonitorComponent] Detected VM stop-the-world pause: {pauseTime=533, gcTime=0, gcCount=0}
2026-02-28 14:34:59.696+0000 WARN  [o.n.k.i.c.VmPauseMonitorComponent] Detected VM stop-the-world pause: {pauseTime=309, gcTime=0, gcCount=0}
2026-02-28 14:34:59.963+0000 WARN  [o.n.k.i.c.VmPauseMonitorComponent] Detected VM stop-the-world pause: {pauseTime=238, gcTime=0, gcCount=0}
2026-02-28 14:35:08.497+0000 WARN  [o.n.k.i.c.VmPauseMonitorComponent] Detected VM stop-the-world pause: {pauseTime=500, gcTime=0, gcCount=0}
2026-02-28 14:35:08.859+0000 WARN  [o.n.k.i.c.VmPauseMonitorComponent] Detected VM stop-the-world pause: {pauseTime=231, gcTime=0, gcCount=0}
2026-02-28 14:35:22.447+0000 WARN  [o.n.k.i.c.VmPauseMonitorComponent] Detected VM stop-the-world pause: {pauseTime=1273, gcTime=0, gcCount=0}
2026-02-28 14:35:24.319+0000 WARN  [o.n.k.i.c.VmPauseMonitorComponent] Detected VM stop-the-world pause: {pauseTime=339, gcTime=0, gcCount=0}
2026-02-28 14:35:42.999+0000 WARN  [o.n.k.i.c.VmPauseMonitorComponent] Detected VM stop-the-world pause: {pauseTime=831, gcTime=0, gcCount=0}
2026-02-28 14:35:43.276+0000 WARN  [o.n.k.i.c.VmPauseMonitorComponent] Detected VM stop-the-world pause: {pauseTime=297, gcTime=0, gcCount=0}
2026-02-28 14:36:18.534+0000 WARN  [o.n.k.i.c.VmPauseMonitorComponent] Detected VM stop-the-world pause: {pauseTime=2876, gcTime=0, gcCount=0}
2026-02-28 14:36:18.934+0000 WARN  [o.n.k.i.c.VmPauseMonitorComponent] Detected VM stop-the-world pause: {pauseTime=572, gcTime=0, gcCount=0}
2026-02-28 14:37:19.379+0000 WARN  [o.n.k.i.c.VmPauseMonitorComponent] Detected VM stop-the-world pause: {pauseTime=247, gcTime=0, gcCount=0}
2026-02-28 14:37:19.757+0000 WARN  [o.n.k.i.c.VmPauseMonitorComponent] Detected VM stop-the-world pause: {pauseTime=659, gcTime=0, gcCount=0}
